#
# There is insufficient memory for the Java Runtime Environment to continue.
# Native memory allocation (malloc) failed to allocate 32744 bytes for ChunkPool::allocate
# Possible reasons:
#   The system is out of physical RAM or swap space
#   The process is running with CompressedOops enabled, and the Java Heap may be blocking the growth of the native heap
# Possible solutions:
#   Reduce memory load on the system
#   Increase physical memory or swap space
#   Check if swap backing store is full
#   Decrease Java heap size (-Xmx/-Xms)
#   Decrease number of Java threads
#   Decrease Java thread stack sizes (-Xss)
#   Set larger code cache with -XX:ReservedCodeCacheSize=
#   JVM is running with Unscaled Compressed Oops mode in which the Java heap is
#     placed in the first 4GB address space. The Java Heap base address is the
#     maximum limit for the native heap growth. Please use -XX:HeapBaseMinAddress
#     to set the Java Heap base and to place the Java Heap above 4GB virtual address.
# This output file may be truncated or incomplete.
#
#  Out of Memory Error (allocation.cpp:272), pid=10632, tid=0x0000000000001688
#
# JRE version: OpenJDK Runtime Environment (8.0_242-b01) (build 1.8.0_242-release-1644-b01)
# Java VM: OpenJDK 64-Bit Server VM (25.242-b01 mixed mode windows-amd64 compressed oops)
# Failed to write core dump. Minidumps are not enabled by default on client versions of Windows
#

---------------  T H R E A D  ---------------

Current thread (0x00000000177d2800):  JavaThread "C1 CompilerThread2" daemon [_thread_in_native, id=5768, stack(0x0000000019010000,0x0000000019110000)]

Stack: [0x0000000019010000,0x0000000019110000]
[error occurred during error reporting (printing stack bounds), id 0xc0000005]

Native frames: (J=compiled Java code, j=interpreted, Vv=VM code, C=native code)


Current CompileTask:
C1:  85007 13005       2       java.lang.Long::parseLong (272 bytes)


---------------  P R O C E S S  ---------------

Java Threads: ( => current thread )
  0x000000001ba2f800 JavaThread "ForkJoinPool.commonPool-worker-3" daemon [_thread_blocked, id=13252, stack(0x000000002bb50000,0x000000002bc50000)]
  0x000000001ba2c800 JavaThread "Cache worker for Java compile cache (D:\MAC- sama-me\ABND Projects\AmericanFootball\.gradle\6.5\javaCompile)" [_thread_blocked, id=2452, stack(0x0000000000f00000,0x0000000001000000)]
  0x000000001ba29800 JavaThread "Cache worker for Java compile cache (C:\Users\Samah\.gradle\caches\6.5\javaCompile)" [_thread_blocked, id=8772, stack(0x0000000000e00000,0x0000000000f00000)]
  0x000000001ba2a800 JavaThread "stdout" [_thread_in_native, id=12128, stack(0x000000002af50000,0x000000002b050000)]
  0x000000001ba30800 JavaThread "stderr" [_thread_in_native, id=12048, stack(0x000000002ac30000,0x000000002ad30000)]
  0x000000001ba2b000 JavaThread "stdout" [_thread_in_native, id=11972, stack(0x000000002ae50000,0x000000002af50000)]
  0x000000001ba2d800 JavaThread "stderr" [_thread_in_native, id=11692, stack(0x000000002ad50000,0x000000002ae50000)]
  0x000000001ba2e000 JavaThread "stdout" [_thread_in_native, id=11300, stack(0x000000002ab30000,0x000000002ac30000)]
  0x000000001ba2c000 JavaThread "stderr" [_thread_in_native, id=11128, stack(0x000000002aa30000,0x000000002ab30000)]
  0x000000001ba22000 JavaThread "stdout" [_thread_in_native, id=10524, stack(0x000000002a930000,0x000000002aa30000)]
  0x000000001ba25800 JavaThread "stderr" [_thread_in_native, id=10500, stack(0x000000002a830000,0x000000002a930000)]
  0x000000001ba29000 JavaThread "pool-2-thread-1" [_thread_blocked, id=9576, stack(0x000000002a730000,0x000000002a830000)]
  0x000000001ba23800 JavaThread "WorkerExecutor Queue Thread 4" [_thread_blocked, id=8800, stack(0x000000002a630000,0x000000002a730000)]
  0x000000001ba24000 JavaThread "WorkerExecutor Queue Thread 3" [_thread_blocked, id=8516, stack(0x000000002a530000,0x000000002a630000)]
  0x000000001ba28000 JavaThread "WorkerExecutor Queue Thread 2" [_thread_in_Java, id=8408, stack(0x000000002a430000,0x000000002a530000)]
  0x000000001ba22800 JavaThread "WorkerExecutor Queue" [_thread_blocked, id=8068, stack(0x000000002a330000,0x000000002a430000)]
  0x000000001ba27800 JavaThread "Cache worker for execution history cache (D:\MAC- sama-me\ABND Projects\AmericanFootball\.gradle\6.5\executionHistory)" [_thread_blocked, id=12436, stack(0x0000000029e30000,0x0000000029f30000)]
  0x000000001ba25000 JavaThread "Execution worker for ':' Thread 3" [_thread_blocked, id=12660, stack(0x0000000029d30000,0x0000000029e30000)]
  0x0000000019d04000 JavaThread "Execution worker for ':' Thread 2" [_thread_blocked, id=11384, stack(0x0000000029c30000,0x0000000029d30000)]
  0x0000000019d04800 JavaThread "Execution worker for ':'" [_thread_blocked, id=12696, stack(0x0000000029b30000,0x0000000029c30000)]
  0x0000000019d0a000 JavaThread "Cache worker for file content cache (D:\MAC- sama-me\ABND Projects\AmericanFootball\.gradle\6.5\fileContent)" [_thread_blocked, id=12404, stack(0x00000000291c0000,0x00000000292c0000)]
  0x0000000019d08800 JavaThread "Memory manager" [_thread_blocked, id=7796, stack(0x0000000027ad0000,0x0000000027bd0000)]
  0x0000000019d0b000 JavaThread "pool-1-thread-1" [_thread_blocked, id=7680, stack(0x00000000275d0000,0x00000000276d0000)]
  0x0000000019d03000 JavaThread "Cache worker for Build Output Cleanup Cache (D:\MAC- sama-me\ABND Projects\AmericanFootball\.gradle\buildOutputCleanup)" [_thread_blocked, id=6928, stack(0x00000000272d0000,0x00000000273d0000)]
  0x0000000019d05800 JavaThread "jar transforms Thread 92" [_thread_blocked, id=13304, stack(0x0000000026fd0000,0x00000000270d0000)]
  0x0000000019d07000 JavaThread "jar transforms Thread 91" [_thread_blocked, id=12816, stack(0x0000000026ed0000,0x0000000026fd0000)]
  0x0000000019d06000 JavaThread "jar transforms Thread 90" [_thread_blocked, id=9816, stack(0x0000000026dd0000,0x0000000026ed0000)]
  0x0000000019d09000 JavaThread "jar transforms Thread 89" [_thread_blocked, id=12976, stack(0x0000000026cd0000,0x0000000026dd0000)]
  0x0000000019cfb800 JavaThread "jar transforms Thread 88" [_thread_blocked, id=12512, stack(0x0000000026bd0000,0x0000000026cd0000)]
  0x0000000019d02800 JavaThread "jar transforms Thread 87" [_thread_blocked, id=6104, stack(0x0000000026ad0000,0x0000000026bd0000)]
  0x0000000019d00000 JavaThread "jar transforms Thread 86" [_thread_blocked, id=11844, stack(0x00000000269d0000,0x0000000026ad0000)]
  0x0000000019cfd000 JavaThread "jar transforms Thread 85" [_thread_blocked, id=7880, stack(0x00000000268d0000,0x00000000269d0000)]
  0x0000000019cff800 JavaThread "jar transforms Thread 84" [_thread_blocked, id=7732, stack(0x00000000267d0000,0x00000000268d0000)]
  0x0000000019cfc800 JavaThread "jar transforms Thread 83" [_thread_blocked, id=6860, stack(0x00000000266d0000,0x00000000267d0000)]
  0x0000000019d01800 JavaThread "jar transforms Thread 82" [_thread_blocked, id=12812, stack(0x00000000265d0000,0x00000000266d0000)]
  0x0000000019cfe800 JavaThread "jar transforms Thread 81" [_thread_blocked, id=5680, stack(0x00000000264d0000,0x00000000265d0000)]
  0x0000000019cfe000 JavaThread "jar transforms Thread 80" [_thread_blocked, id=12024, stack(0x00000000263d0000,0x00000000264d0000)]
  0x0000000019d01000 JavaThread "jar transforms Thread 79" [_thread_blocked, id=12772, stack(0x00000000262d0000,0x00000000263d0000)]
  0x00000000197fa000 JavaThread "jar transforms Thread 78" [_thread_blocked, id=6456, stack(0x00000000261d0000,0x00000000262d0000)]
  0x00000000197f2800 JavaThread "jar transforms Thread 77" [_thread_blocked, id=5820, stack(0x00000000260d0000,0x00000000261d0000)]
  0x00000000197f9000 JavaThread "jar transforms Thread 76" [_thread_blocked, id=8716, stack(0x0000000025fd0000,0x00000000260d0000)]
  0x00000000197f8800 JavaThread "jar transforms Thread 75" [_thread_blocked, id=6560, stack(0x0000000025ed0000,0x0000000025fd0000)]
  0x00000000197f7800 JavaThread "jar transforms Thread 74" [_thread_blocked, id=12100, stack(0x0000000025dd0000,0x0000000025ed0000)]
  0x00000000197f3000 JavaThread "jar transforms Thread 73" [_thread_blocked, id=7140, stack(0x0000000025cd0000,0x0000000025dd0000)]
  0x00000000197f5800 JavaThread "jar transforms Thread 72" [_thread_blocked, id=8812, stack(0x0000000025bd0000,0x0000000025cd0000)]
  0x00000000197f6000 JavaThread "jar transforms Thread 71" [_thread_blocked, id=10428, stack(0x0000000025ad0000,0x0000000025bd0000)]
  0x00000000197f7000 JavaThread "jar transforms Thread 70" [_thread_blocked, id=652, stack(0x00000000259d0000,0x0000000025ad0000)]
  0x00000000197ee000 JavaThread "jar transforms Thread 69" [_thread_blocked, id=12124, stack(0x00000000258d0000,0x00000000259d0000)]
  0x00000000197f4000 JavaThread "jar transforms Thread 68" [_thread_blocked, id=7480, stack(0x00000000257d0000,0x00000000258d0000)]
  0x00000000197f4800 JavaThread "jar transforms Thread 67" [_thread_blocked, id=10744, stack(0x00000000256d0000,0x00000000257d0000)]
  0x00000000197f1000 JavaThread "jar transforms Thread 66" [_thread_blocked, id=10516, stack(0x00000000255d0000,0x00000000256d0000)]
  0x00000000197ed000 JavaThread "jar transforms Thread 65" [_thread_blocked, id=1740, stack(0x00000000254d0000,0x00000000255d0000)]
  0x00000000197ef800 JavaThread "jar transforms Thread 64" [_thread_blocked, id=7628, stack(0x00000000253d0000,0x00000000254d0000)]
  0x00000000197f1800 JavaThread "jar transforms Thread 63" [_thread_blocked, id=8304, stack(0x00000000252d0000,0x00000000253d0000)]
  0x00000000197eb000 JavaThread "jar transforms Thread 62" [_thread_blocked, id=11848, stack(0x00000000251d0000,0x00000000252d0000)]
  0x00000000197ee800 JavaThread "jar transforms Thread 61" [_thread_blocked, id=11836, stack(0x00000000250d0000,0x00000000251d0000)]
  0x00000000197f0000 JavaThread "jar transforms Thread 60" [_thread_blocked, id=10020, stack(0x0000000024fd0000,0x00000000250d0000)]
  0x00000000197ec800 JavaThread "jar transforms Thread 59" [_thread_blocked, id=10584, stack(0x0000000024ed0000,0x0000000024fd0000)]
  0x00000000197eb800 JavaThread "jar transforms Thread 58" [_thread_blocked, id=8392, stack(0x0000000024dd0000,0x0000000024ed0000)]
  0x000000001dc2b800 JavaThread "jar transforms Thread 57" [_thread_blocked, id=12492, stack(0x0000000024cd0000,0x0000000024dd0000)]
  0x000000001dc2a800 JavaThread "jar transforms Thread 56" [_thread_blocked, id=10636, stack(0x0000000024bd0000,0x0000000024cd0000)]
  0x000000001dc31800 JavaThread "jar transforms Thread 55" [_thread_blocked, id=7656, stack(0x0000000024ad0000,0x0000000024bd0000)]
  0x000000001dc2a000 JavaThread "jar transforms Thread 54" [_thread_blocked, id=9840, stack(0x00000000249d0000,0x0000000024ad0000)]
  0x000000001dc2e800 JavaThread "jar transforms Thread 53" [_thread_blocked, id=11408, stack(0x00000000248d0000,0x00000000249d0000)]
  0x000000001dc30000 JavaThread "jar transforms Thread 52" [_thread_blocked, id=11472, stack(0x00000000247d0000,0x00000000248d0000)]
  0x000000001dc30800 JavaThread "jar transforms Thread 51" [_thread_blocked, id=11948, stack(0x00000000246d0000,0x00000000247d0000)]
  0x000000001dc2d800 JavaThread "jar transforms Thread 50" [_thread_blocked, id=10696, stack(0x00000000245d0000,0x00000000246d0000)]
  0x000000001dc2d000 JavaThread "jar transforms Thread 49" [_thread_blocked, id=10984, stack(0x00000000244d0000,0x00000000245d0000)]
  0x000000001dc2f000 JavaThread "jar transforms Thread 48" [_thread_blocked, id=13192, stack(0x00000000243d0000,0x00000000244d0000)]
  0x000000001dc2c000 JavaThread "jar transforms Thread 47" [_thread_blocked, id=12300, stack(0x00000000242d0000,0x00000000243d0000)]
  0x000000001dc22000 JavaThread "jar transforms Thread 46" [_thread_blocked, id=11856, stack(0x00000000241d0000,0x00000000242d0000)]
  0x000000001dc29000 JavaThread "jar transforms Thread 45" [_thread_blocked, id=11524, stack(0x00000000240d0000,0x00000000241d0000)]
  0x000000001dc26000 JavaThread "jar transforms Thread 44" [_thread_blocked, id=11464, stack(0x0000000023fd0000,0x00000000240d0000)]
  0x000000001dc25000 JavaThread "jar transforms Thread 43" [_thread_blocked, id=11352, stack(0x0000000023ed0000,0x0000000023fd0000)]
  0x000000001dc27800 JavaThread "jar transforms Thread 42" [_thread_blocked, id=11292, stack(0x0000000023dd0000,0x0000000023ed0000)]
  0x000000001dc28800 JavaThread "jar transforms Thread 41" [_thread_blocked, id=10860, stack(0x0000000023cd0000,0x0000000023dd0000)]
  0x000000001dc23000 JavaThread "jar transforms Thread 40" [_thread_blocked, id=10752, stack(0x0000000023bd0000,0x0000000023cd0000)]
  0x000000001dc24800 JavaThread "jar transforms Thread 39" [_thread_blocked, id=10536, stack(0x0000000023ad0000,0x0000000023bd0000)]
  0x000000001dc23800 JavaThread "jar transforms Thread 38" [_thread_blocked, id=10520, stack(0x00000000239d0000,0x0000000023ad0000)]
  0x000000001dc26800 JavaThread "jar transforms Thread 37" [_thread_blocked, id=10468, stack(0x00000000238d0000,0x00000000239d0000)]
  0x000000001b746000 JavaThread "jar transforms Thread 36" [_thread_blocked, id=10044, stack(0x00000000237d0000,0x00000000238d0000)]
  0x000000001b745800 JavaThread "jar transforms Thread 35" [_thread_blocked, id=10032, stack(0x00000000236d0000,0x00000000237d0000)]
  0x000000001b747000 JavaThread "jar transforms Thread 34" [_thread_blocked, id=9752, stack(0x00000000235d0000,0x00000000236d0000)]
  0x000000001b74b800 JavaThread "jar transforms Thread 33" [_thread_blocked, id=9720, stack(0x00000000234d0000,0x00000000235d0000)]
  0x000000001b74a800 JavaThread "jar transforms Thread 32" [_thread_blocked, id=9532, stack(0x00000000233d0000,0x00000000234d0000)]
  0x000000001b74a000 JavaThread "jar transforms Thread 31" [_thread_blocked, id=9376, stack(0x00000000232d0000,0x00000000233d0000)]
  0x000000001b749000 JavaThread "jar transforms Thread 30" [_thread_blocked, id=9300, stack(0x00000000231d0000,0x00000000232d0000)]
  0x000000001b748800 JavaThread "jar transforms Thread 29" [_thread_blocked, id=9244, stack(0x00000000230d0000,0x00000000231d0000)]
  0x000000001b747800 JavaThread "jar transforms Thread 28" [_thread_blocked, id=9188, stack(0x0000000022fd0000,0x00000000230d0000)]
  0x000000001b73e000 JavaThread "jar transforms Thread 27" [_thread_blocked, id=8656, stack(0x0000000022ed0000,0x0000000022fd0000)]
  0x000000001b744800 JavaThread "jar transforms Thread 26" [_thread_blocked, id=8348, stack(0x0000000022dd0000,0x0000000022ed0000)]
  0x000000001b744000 JavaThread "jar transforms Thread 25" [_thread_blocked, id=7904, stack(0x0000000022cd0000,0x0000000022dd0000)]
  0x000000001b73f800 JavaThread "jar transforms Thread 24" [_thread_blocked, id=7448, stack(0x0000000022bd0000,0x0000000022cd0000)]
  0x000000001b742800 JavaThread "jar transforms Thread 23" [_thread_blocked, id=7352, stack(0x0000000022ad0000,0x0000000022bd0000)]
  0x000000001b741800 JavaThread "jar transforms Thread 22" [_thread_blocked, id=7320, stack(0x00000000229d0000,0x0000000022ad0000)]
  0x000000001b73d000 JavaThread "jar transforms Thread 21" [_thread_blocked, id=7300, stack(0x00000000228d0000,0x00000000229d0000)]
  0x000000001b741000 JavaThread "jar transforms Thread 20" [_thread_blocked, id=6412, stack(0x00000000227d0000,0x00000000228d0000)]
  0x000000001b73c800 JavaThread "jar transforms Thread 19" [_thread_blocked, id=5692, stack(0x00000000226d0000,0x00000000227d0000)]
  0x000000001b73e800 JavaThread "jar transforms Thread 18" [_thread_blocked, id=5172, stack(0x00000000225d0000,0x00000000226d0000)]
  0x000000001b740000 JavaThread "jar transforms Thread 17" [_thread_blocked, id=4352, stack(0x00000000224d0000,0x00000000225d0000)]
  0x000000001b743000 JavaThread "jar transforms Thread 16" [_thread_blocked, id=3468, stack(0x00000000223d0000,0x00000000224d0000)]
  0x000000001dbaf800 JavaThread "jar transforms Thread 15" [_thread_blocked, id=2504, stack(0x00000000222d0000,0x00000000223d0000)]
  0x000000001dbae800 JavaThread "jar transforms Thread 14" [_thread_blocked, id=1828, stack(0x00000000221d0000,0x00000000222d0000)]
  0x000000001dbae000 JavaThread "jar transforms Thread 13" [_thread_blocked, id=1764, stack(0x00000000220d0000,0x00000000221d0000)]
  0x000000001dbad000 JavaThread "jar transforms Thread 12" [_thread_blocked, id=1716, stack(0x0000000021fd0000,0x00000000220d0000)]
  0x000000001dbac800 JavaThread "jar transforms Thread 11" [_thread_blocked, id=816, stack(0x0000000021ed0000,0x0000000021fd0000)]
  0x000000001dbab000 JavaThread "jar transforms Thread 10" [_thread_blocked, id=7644, stack(0x0000000021dd0000,0x0000000021ed0000)]
  0x000000001dbaa000 JavaThread "jar transforms Thread 9" [_thread_blocked, id=9632, stack(0x0000000021cd0000,0x0000000021dd0000)]
  0x000000001dba5000 JavaThread "jar transforms Thread 8" [_thread_blocked, id=10748, stack(0x0000000021bd0000,0x0000000021cd0000)]
  0x000000001dbab800 JavaThread "jar transforms Thread 7" [_thread_blocked, id=1800, stack(0x0000000021ad0000,0x0000000021bd0000)]
  0x000000001dba9800 JavaThread "jar transforms Thread 6" [_thread_blocked, id=3080, stack(0x00000000219d0000,0x0000000021ad0000)]
  0x000000001dba2800 JavaThread "jar transforms Thread 5" [_thread_blocked, id=12744, stack(0x00000000218d0000,0x00000000219d0000)]
  0x000000001dba2000 JavaThread "jar transforms Thread 4" [_thread_blocked, id=12672, stack(0x00000000217d0000,0x00000000218d0000)]
  0x000000001dba8000 JavaThread "jar transforms Thread 3" [_thread_blocked, id=9408, stack(0x00000000216d0000,0x00000000217d0000)]
  0x000000001dba4000 JavaThread "jar transforms Thread 2" [_thread_blocked, id=8168, stack(0x00000000215d0000,0x00000000216d0000)]
  0x000000001dba3800 JavaThread "Build operations Thread 4" [_thread_blocked, id=12636, stack(0x00000000214d0000,0x00000000215d0000)]
  0x000000001dba7000 JavaThread "Build operations Thread 3" [_thread_blocked, id=13156, stack(0x00000000213d0000,0x00000000214d0000)]
  0x000000001dba8800 JavaThread "Build operations Thread 2" [_thread_blocked, id=12320, stack(0x00000000212d0000,0x00000000213d0000)]
  0x000000001dba1000 JavaThread "Build operations" [_thread_blocked, id=5220, stack(0x00000000211d0000,0x00000000212d0000)]
  0x000000001a7e6000 JavaThread "Cache worker for file content cache (C:\Users\Samah\.gradle\caches\6.5\fileContent)" [_thread_blocked, id=13064, stack(0x000000001fb00000,0x000000001fc00000)]
  0x000000001a7e5000 JavaThread "jar transforms" [_thread_blocked, id=1804, stack(0x000000001fa00000,0x000000001fb00000)]
  0x000000001a7e9800 JavaThread "Cache worker for execution history cache (C:\Users\Samah\.gradle\caches\6.5\executionHistory)" [_thread_blocked, id=8340, stack(0x000000001f300000,0x000000001f400000)]
  0x000000001a7e4800 JavaThread "Cache worker for cache directory md-rule (C:\Users\Samah\.gradle\caches\6.5\md-rule)" [_thread_blocked, id=3688, stack(0x000000001f200000,0x000000001f300000)]
  0x000000001a7e6800 JavaThread "Cache worker for cache directory md-supplier (C:\Users\Samah\.gradle\caches\6.5\md-supplier)" [_thread_blocked, id=11444, stack(0x000000001f100000,0x000000001f200000)]
  0x000000001a7eb000 JavaThread "Cache worker for checksums cache (D:\MAC- sama-me\ABND Projects\AmericanFootball\.gradle\checksums)" [_thread_blocked, id=11668, stack(0x000000001f000000,0x000000001f100000)]
  0x000000001a7e7800 JavaThread "Cache worker for file hash cache (D:\MAC- sama-me\ABND Projects\AmericanFootball\.gradle\6.5\fileHashes)" [_thread_blocked, id=9680, stack(0x000000001ed00000,0x000000001ee00000)]
  0x000000001a7e9000 JavaThread "Cache worker for file hash cache (C:\Users\Samah\.gradle\caches\6.5\fileHashes)" [_thread_blocked, id=1640, stack(0x000000001d830000,0x000000001d930000)]
  0x000000001a7ea800 JavaThread "File lock request listener" [_thread_in_native, id=13124, stack(0x000000001d730000,0x000000001d830000)]
  0x000000001a9f2800 JavaThread "Cache worker for journal cache (C:\Users\Samah\.gradle\caches\journal-1)" [_thread_blocked, id=12164, stack(0x000000001d530000,0x000000001d630000)]
  0x000000001a1ad000 JavaThread "Thread-9" [_thread_blocked, id=11284, stack(0x000000001d230000,0x000000001d330000)]
  0x000000001a1a5800 JavaThread "Asynchronous log dispatcher for DefaultDaemonConnection: socket connection from /127.0.0.1:7849 to /127.0.0.1:7850" [_thread_blocked, id=12036, stack(0x000000001d030000,0x000000001d130000)]
  0x0000000019d36000 JavaThread "Daemon worker" [_thread_blocked, id=11612, stack(0x000000001cf30000,0x000000001d030000)]
  0x0000000019d28000 JavaThread "Cancel handler" [_thread_blocked, id=9560, stack(0x000000001ce30000,0x000000001cf30000)]
  0x000000001a680800 JavaThread "Handler for socket connection from /127.0.0.1:7849 to /127.0.0.1:7850" [_thread_in_native, id=11920, stack(0x000000001cb30000,0x000000001cc30000)]
  0x000000001a67f800 JavaThread "Daemon" [_thread_blocked, id=1660, stack(0x000000001ca30000,0x000000001cb30000)]
  0x000000001972f800 JavaThread "Daemon periodic checks" [_thread_blocked, id=13104, stack(0x000000001c930000,0x000000001ca30000)]
  0x000000001972c800 JavaThread "Incoming local TCP Connector on port 7849" [_thread_in_native, id=3720, stack(0x000000001c6f0000,0x000000001c7f0000)]
  0x0000000019753000 JavaThread "Daemon health stats" [_thread_blocked, id=8824, stack(0x000000001c0b0000,0x000000001c1b0000)]
  0x000000001913b000 JavaThread "Service Thread" daemon [_thread_blocked, id=9940, stack(0x0000000019510000,0x0000000019610000)]
=>0x00000000177d2800 JavaThread "C1 CompilerThread2" daemon [_thread_in_native, id=5768, stack(0x0000000019010000,0x0000000019110000)]
  0x00000000177ca000 JavaThread "C2 CompilerThread1" daemon [_thread_in_native, id=7920, stack(0x0000000018f10000,0x0000000019010000)]
  0x00000000177c7000 JavaThread "C2 CompilerThread0" daemon [_thread_in_native, id=11572, stack(0x0000000018e10000,0x0000000018f10000)]
  0x00000000177c5000 JavaThread "Attach Listener" daemon [_thread_blocked, id=10628, stack(0x0000000018d10000,0x0000000018e10000)]
  0x00000000177c2000 JavaThread "Signal Dispatcher" daemon [_thread_blocked, id=11328, stack(0x0000000018c10000,0x0000000018d10000)]
  0x0000000002b9c800 JavaThread "Finalizer" daemon [_thread_blocked, id=6836, stack(0x0000000018a10000,0x0000000018b10000)]
  0x00000000177a9000 JavaThread "Reference Handler" daemon [_thread_blocked, id=7592, stack(0x0000000018910000,0x0000000018a10000)]
  0x0000000002a7d800 JavaThread "main" [_thread_blocked, id=11604, stack(0x00000000028e0000,0x00000000029e0000)]

Other Threads:
  0x0000000017786800 VMThread [stack: 0x0000000018810000,0x0000000018910000] [id=7860]
  0x000000001913e000 WatcherThread [stack: 0x0000000019610000,0x0000000019710000] [id=9148]

VM state:not at safepoint (normal execution)

VM Mutex/Monitor currently owned by a thread: None

heap address: 0x0000000080000000, size: 2048 MB, Compressed Oops mode: 32-bit
Narrow klass base: 0x0000000000000000, Narrow klass shift: 3
Compressed class space size: 1073741824 Address: 0x0000000100000000

Heap:
 PSYoungGen      total 255488K, used 185575K [0x00000000d5580000, 0x00000000eb700000, 0x0000000100000000)
  eden space 222208K, 68% used [0x00000000d5580000,0x00000000dea3a958,0x00000000e2e80000)
  from space 33280K, 99% used [0x00000000e2e80000,0x00000000e4eff5d0,0x00000000e4f00000)
  to   space 44032K, 0% used [0x00000000e8c00000,0x00000000e8c00000,0x00000000eb700000)
 ParOldGen       total 134656K, used 57432K [0x0000000080000000, 0x0000000088380000, 0x00000000d5580000)
  object space 134656K, 42% used [0x0000000080000000,0x00000000838163a0,0x0000000088380000)
 Metaspace       used 86621K, capacity 91430K, committed 91672K, reserved 1128448K
  class space    used 11800K, capacity 12777K, committed 12848K, reserved 1048576K

Card table byte_map: [0x0000000011f60000,0x0000000012370000] byte_map_base: 0x0000000011b60000

Marking Bits: (ParMarkBitMap*) 0x0000000065f0f030
 Begin Bits: [0x0000000012a20000, 0x0000000014a20000)
 End Bits:   [0x0000000014a20000, 0x0000000016a20000)

Polling page: 0x0000000000cc0000

CodeCache: size=245760Kb used=35886Kb max_used=35886Kb free=209873Kb
 bounds [0x0000000002ba0000, 0x0000000004ee0000, 0x0000000011ba0000]
 total_blobs=11916 nmethods=11055 adapters=773
 compilation: enabled

Compilation events (10 events):
Event: 84.918 Thread 0x00000000177d2800 nmethod 12993 0x0000000004eadf50 code [0x0000000004eae180, 0x0000000004eaebf8]
Event: 84.918 Thread 0x00000000177d2800 12998       3       com.android.tools.r8.q.a.b.l.g.o::b (195 bytes)
Event: 84.922 Thread 0x00000000177c7000 nmethod 12984% 0x0000000004ea7f50 code [0x0000000004ea80a0, 0x0000000004ea8698]
Event: 84.922 Thread 0x00000000177c7000 12997       4       com.android.tools.r8.q.a.b.m.a::b (653 bytes)
Event: 84.923 Thread 0x00000000177d2800 nmethod 12998 0x0000000004eba490 code [0x0000000004eba880, 0x0000000004ebc558]
Event: 84.923 Thread 0x00000000177d2800 12992       3       com.android.tools.r8.q.a.b.h::b (120 bytes)
Event: 84.925 Thread 0x00000000177d2800 nmethod 12992 0x0000000004ebd2d0 code [0x0000000004ebd4c0, 0x0000000004ebe1f8]
Event: 84.926 Thread 0x00000000177d2800 12994       3       com.android.tools.r8.q.a.b.m.a::d (1465 bytes)
Event: 84.978 Thread 0x00000000177d2800 nmethod 12994 0x0000000004ebe610 code [0x0000000004ebf480, 0x0000000004ec9dc8]
Event: 84.978 Thread 0x00000000177d2800 13005       2       java.lang.Long::parseLong (272 bytes)

GC Heap History (10 events):
Event: 39.087 GC heap before
{Heap before GC invocations=12 (full 2):
 PSYoungGen      total 167936K, used 47603K [0x00000000d5580000, 0x00000000e3380000, 0x0000000100000000)
  eden space 154112K, 21% used [0x00000000d5580000,0x00000000d7681b58,0x00000000dec00000)
  from space 13824K, 99% used [0x00000000dec00000,0x00000000df97b310,0x00000000df980000)
  to   space 20480K, 0% used [0x00000000e1f80000,0x00000000e1f80000,0x00000000e3380000)
 ParOldGen       total 94208K, used 29052K [0x0000000080000000, 0x0000000085c00000, 0x00000000d5580000)
  object space 94208K, 30% used [0x0000000080000000,0x0000000081c5f100,0x0000000085c00000)
 Metaspace       used 56795K, capacity 59126K, committed 59160K, reserved 1099776K
  class space    used 7764K, capacity 8236K, committed 8240K, reserved 1048576K
Event: 39.135 GC heap after
Heap after GC invocations=12 (full 2):
 PSYoungGen      total 205312K, used 17055K [0x00000000d5580000, 0x00000000e4100000, 0x0000000100000000)
  eden space 184832K, 0% used [0x00000000d5580000,0x00000000d5580000,0x00000000e0a00000)
  from space 20480K, 83% used [0x00000000e1f80000,0x00000000e3027c10,0x00000000e3380000)
  to   space 22016K, 0% used [0x00000000e0a00000,0x00000000e0a00000,0x00000000e1f80000)
 ParOldGen       total 94208K, used 29052K [0x0000000080000000, 0x0000000085c00000, 0x00000000d5580000)
  object space 94208K, 30% used [0x0000000080000000,0x0000000081c5f100,0x0000000085c00000)
 Metaspace       used 56795K, capacity 59126K, committed 59160K, reserved 1099776K
  class space    used 7764K, capacity 8236K, committed 8240K, reserved 1048576K
}
Event: 39.136 GC heap before
{Heap before GC invocations=13 (full 3):
 PSYoungGen      total 205312K, used 17055K [0x00000000d5580000, 0x00000000e4100000, 0x0000000100000000)
  eden space 184832K, 0% used [0x00000000d5580000,0x00000000d5580000,0x00000000e0a00000)
  from space 20480K, 83% used [0x00000000e1f80000,0x00000000e3027c10,0x00000000e3380000)
  to   space 22016K, 0% used [0x00000000e0a00000,0x00000000e0a00000,0x00000000e1f80000)
 ParOldGen       total 94208K, used 29052K [0x0000000080000000, 0x0000000085c00000, 0x00000000d5580000)
  object space 94208K, 30% used [0x0000000080000000,0x0000000081c5f100,0x0000000085c00000)
 Metaspace       used 56795K, capacity 59126K, committed 59160K, reserved 1099776K
  class space    used 7764K, capacity 8236K, committed 8240K, reserved 1048576K
Event: 39.643 GC heap after
Heap after GC invocations=13 (full 3):
 PSYoungGen      total 205312K, used 0K [0x00000000d5580000, 0x00000000e4100000, 0x0000000100000000)
  eden space 184832K, 0% used [0x00000000d5580000,0x00000000d5580000,0x00000000e0a00000)
  from space 20480K, 0% used [0x00000000e1f80000,0x00000000e1f80000,0x00000000e3380000)
  to   space 22016K, 0% used [0x00000000e0a00000,0x00000000e0a00000,0x00000000e1f80000)
 ParOldGen       total 134656K, used 30925K [0x0000000080000000, 0x0000000088380000, 0x00000000d5580000)
  object space 134656K, 22% used [0x0000000080000000,0x0000000081e337f0,0x0000000088380000)
 Metaspace       used 56775K, capacity 59060K, committed 59160K, reserved 1099776K
  class space    used 7758K, capacity 8225K, committed 8240K, reserved 1048576K
}
Event: 51.183 GC heap before
{Heap before GC invocations=14 (full 3):
 PSYoungGen      total 205312K, used 184296K [0x00000000d5580000, 0x00000000e4100000, 0x0000000100000000)
  eden space 184832K, 99% used [0x00000000d5580000,0x00000000e097a018,0x00000000e0a00000)
  from space 20480K, 0% used [0x00000000e1f80000,0x00000000e1f80000,0x00000000e3380000)
  to   space 22016K, 0% used [0x00000000e0a00000,0x00000000e0a00000,0x00000000e1f80000)
 ParOldGen       total 134656K, used 30925K [0x0000000080000000, 0x0000000088380000, 0x00000000d5580000)
  object space 134656K, 22% used [0x0000000080000000,0x0000000081e337f0,0x0000000088380000)
 Metaspace       used 64717K, capacity 67564K, committed 67864K, reserved 1107968K
  class space    used 8910K, capacity 9455K, committed 9520K, reserved 1048576K
Event: 51.254 GC heap after
Heap after GC invocations=14 (full 3):
 PSYoungGen      total 206848K, used 21991K [0x00000000d5580000, 0x00000000e6980000, 0x0000000100000000)
  eden space 184832K, 0% used [0x00000000d5580000,0x00000000d5580000,0x00000000e0a00000)
  from space 22016K, 99% used [0x00000000e0a00000,0x00000000e1f79d10,0x00000000e1f80000)
  to   space 27136K, 0% used [0x00000000e4f00000,0x00000000e4f00000,0x00000000e6980000)
 ParOldGen       total 134656K, used 35999K [0x0000000080000000, 0x0000000088380000, 0x00000000d5580000)
  object space 134656K, 26% used [0x0000000080000000,0x0000000082327ec8,0x0000000088380000)
 Metaspace       used 64717K, capacity 67564K, committed 67864K, reserved 1107968K
  class space    used 8910K, capacity 9455K, committed 9520K, reserved 1048576K
}
Event: 69.195 GC heap before
{Heap before GC invocations=15 (full 3):
 PSYoungGen      total 206848K, used 206823K [0x00000000d5580000, 0x00000000e6980000, 0x0000000100000000)
  eden space 184832K, 100% used [0x00000000d5580000,0x00000000e0a00000,0x00000000e0a00000)
  from space 22016K, 99% used [0x00000000e0a00000,0x00000000e1f79d10,0x00000000e1f80000)
  to   space 27136K, 0% used [0x00000000e4f00000,0x00000000e4f00000,0x00000000e6980000)
 ParOldGen       total 134656K, used 35999K [0x0000000080000000, 0x0000000088380000, 0x00000000d5580000)
  object space 134656K, 26% used [0x0000000080000000,0x0000000082327ec8,0x0000000088380000)
 Metaspace       used 69800K, capacity 72958K, committed 73112K, reserved 1112064K
  class space    used 9497K, capacity 10128K, committed 10160K, reserved 1048576K
Event: 69.388 GC heap after
Heap after GC invocations=15 (full 3):
 PSYoungGen      total 249344K, used 27133K [0x00000000d5580000, 0x00000000e7400000, 0x0000000100000000)
  eden space 222208K, 0% used [0x00000000d5580000,0x00000000d5580000,0x00000000e2e80000)
  from space 27136K, 99% used [0x00000000e4f00000,0x00000000e697f570,0x00000000e6980000)
  to   space 33280K, 0% used [0x00000000e2e80000,0x00000000e2e80000,0x00000000e4f00000)
 ParOldGen       total 134656K, used 41637K [0x0000000080000000, 0x0000000088380000, 0x00000000d5580000)
  object space 134656K, 30% used [0x0000000080000000,0x00000000828a9520,0x0000000088380000)
 Metaspace       used 69800K, capacity 72958K, committed 73112K, reserved 1112064K
  class space    used 9497K, capacity 10128K, committed 10160K, reserved 1048576K
}
Event: 79.043 GC heap before
{Heap before GC invocations=16 (full 3):
 PSYoungGen      total 249344K, used 249341K [0x00000000d5580000, 0x00000000e7400000, 0x0000000100000000)
  eden space 222208K, 100% used [0x00000000d5580000,0x00000000e2e80000,0x00000000e2e80000)
  from space 27136K, 99% used [0x00000000e4f00000,0x00000000e697f570,0x00000000e6980000)
  to   space 33280K, 0% used [0x00000000e2e80000,0x00000000e2e80000,0x00000000e4f00000)
 ParOldGen       total 134656K, used 41637K [0x0000000080000000, 0x0000000088380000, 0x00000000d5580000)
  object space 134656K, 30% used [0x0000000080000000,0x00000000828a9520,0x0000000088380000)
 Metaspace       used 76862K, capacity 80234K, committed 80408K, reserved 1118208K
  class space    used 10350K, capacity 10987K, committed 11056K, reserved 1048576K
Event: 79.194 GC heap after
Heap after GC invocations=16 (full 3):
 PSYoungGen      total 255488K, used 33277K [0x00000000d5580000, 0x00000000eb700000, 0x0000000100000000)
  eden space 222208K, 0% used [0x00000000d5580000,0x00000000d5580000,0x00000000e2e80000)
  from space 33280K, 99% used [0x00000000e2e80000,0x00000000e4eff5d0,0x00000000e4f00000)
  to   space 44032K, 0% used [0x00000000e8c00000,0x00000000e8c00000,0x00000000eb700000)
 ParOldGen       total 134656K, used 57432K [0x0000000080000000, 0x0000000088380000, 0x00000000d5580000)
  object space 134656K, 42% used [0x0000000080000000,0x00000000838163a0,0x0000000088380000)
 Metaspace       used 76862K, capacity 80234K, committed 80408K, reserved 1118208K
  class space    used 10350K, capacity 10987K, committed 11056K, reserved 1048576K
}

Deoptimization events (10 events):
Event: 84.049 Thread 0x0000000019d04000 Uncommon trap: reason=array_check action=maybe_recompile pc=0x0000000004e4a624 method=java.util.TimSort.binarySort([Ljava/lang/Object;IIILjava/util/Comparator;)V @ 183
Event: 84.049 Thread 0x0000000019d04000 Uncommon trap: reason=array_check action=maybe_recompile pc=0x0000000004e4a55c method=java.util.TimSort.binarySort([Ljava/lang/Object;IIILjava/util/Comparator;)V @ 193
Event: 84.056 Thread 0x000000001ba28000 Uncommon trap: reason=bimorphic action=maybe_recompile pc=0x000000000405a234 method=com.google.common.collect.ImmutableSet$RegularSetBuilderImpl.add(Ljava/lang/Object;)Lcom/google/common/collect/ImmutableSet$SetBuilderImpl; @ 6
Event: 84.056 Thread 0x000000001ba28000 Uncommon trap: reason=bimorphic action=maybe_recompile pc=0x000000000405a234 method=com.google.common.collect.ImmutableSet$RegularSetBuilderImpl.add(Ljava/lang/Object;)Lcom/google/common/collect/ImmutableSet$SetBuilderImpl; @ 6
Event: 84.056 Thread 0x000000001ba28000 Uncommon trap: reason=bimorphic action=maybe_recompile pc=0x000000000405a234 method=com.google.common.collect.ImmutableSet$RegularSetBuilderImpl.add(Ljava/lang/Object;)Lcom/google/common/collect/ImmutableSet$SetBuilderImpl; @ 6
Event: 84.059 Thread 0x000000001ba28000 Uncommon trap: reason=array_check action=maybe_recompile pc=0x0000000004e4a55c method=java.util.TimSort.binarySort([Ljava/lang/Object;IIILjava/util/Comparator;)V @ 193
Event: 84.724 Thread 0x000000001ba28000 Uncommon trap: reason=bimorphic action=maybe_recompile pc=0x0000000004359e24 method=java.util.stream.StreamOpFlag.fromCharacteristics(Ljava/util/Spliterator;)I @ 14
Event: 84.734 Thread 0x000000001ba28000 Uncommon trap: reason=unstable_if action=reinterpret pc=0x00000000038cc5d4 method=java.nio.Bits.getShort(Ljava/nio/ByteBuffer;IZ)S @ 1
Event: 84.885 Thread 0x000000001ba28000 Uncommon trap: reason=unstable_if action=reinterpret pc=0x000000000322770c method=com.android.tools.r8.graph.i0.a([C)I @ 44
Event: 84.954 Thread 0x000000001ba28000 Uncommon trap: reason=unstable_if action=reinterpret pc=0x00000000040947b8 method=java.lang.Long.parseLong(Ljava/lang/String;I)J @ 124

Classes redefined (0 events):
No events

Internal exceptions (10 events):
Event: 79.418 Thread 0x0000000019d04000 Exception <a 'java/lang/NoSuchMethodError': <clinit>> (0x00000000d629a0f8) thrown at [C:\src\AOSP-openjdk-git\hotspot\src\share\vm\prims\jni.cpp, line 1615]
Event: 79.614 Thread 0x000000001ba24000 Exception <a 'sun/nio/fs/WindowsException'> (0x00000000d6d2eea8) thrown at [C:\src\AOSP-openjdk-git\hotspot\src\share\vm\prims\jni.cpp, line 710]
Event: 80.164 Thread 0x000000001ba24000 Exception <a 'java/lang/IncompatibleClassChangeError': Found class java.lang.Object, but interface was expected> (0x00000000d7b0f540) thrown at [C:\src\AOSP-openjdk-git\hotspot\src\share\vm\interpreter\linkResolver.cpp, line 653]
Event: 81.273 Thread 0x000000001ba23800 Exception <a 'java/lang/NoSuchMethodError': java.lang.Object.lambda$maxBy$1(Ljava/util/Comparator;Ljava/lang/Object;Ljava/lang/Object;)Ljava/lang/Object;> (0x00000000d9dff5e8) thrown at [C:\src\AOSP-openjdk-git\hotspot\src\share\vm\interpreter\linkResolve
Event: 81.273 Thread 0x000000001ba24000 Exception <a 'java/lang/NoSuchMethodError': java.lang.Object.lambda$maxBy$1(Ljava/util/Comparator;Ljava/lang/Object;Ljava/lang/Object;)Ljava/lang/Object;> (0x00000000d9dca758) thrown at [C:\src\AOSP-openjdk-git\hotspot\src\share\vm\interpreter\linkResolve
Event: 81.273 Thread 0x000000001ba22800 Exception <a 'java/lang/NoSuchMethodError': java.lang.Object.lambda$maxBy$1(Ljava/util/Comparator;Ljava/lang/Object;Ljava/lang/Object;)Ljava/lang/Object;> (0x00000000d9d58990) thrown at [C:\src\AOSP-openjdk-git\hotspot\src\share\vm\interpreter\linkResolve
Event: 81.383 Thread 0x000000001ba24000 Exception <a 'java/lang/NoSuchMethodError': java.lang.Object.b(Lcom/android/tools/r8/graph/p1$b;)Lcom/android/tools/r8/graph/p1$b;> (0x00000000da0051d0) thrown at [C:\src\AOSP-openjdk-git\hotspot\src\share\vm\interpreter\linkResolver.cpp, line 620]
Event: 83.545 Thread 0x000000001ba24000 Exception <a 'sun/nio/fs/WindowsException'> (0x00000000dc8b8ad8) thrown at [C:\src\AOSP-openjdk-git\hotspot\src\share\vm\prims\jni.cpp, line 710]
Event: 84.049 Thread 0x0000000019d04000 Exception <a 'java/lang/NoSuchMethodError': <clinit>> (0x00000000dccf45a8) thrown at [C:\src\AOSP-openjdk-git\hotspot\src\share\vm\prims\jni.cpp, line 1615]
Event: 84.722 Thread 0x000000001ba28000 Exception <a 'sun/nio/fs/WindowsException'> (0x00000000dd240d70) thrown at [C:\src\AOSP-openjdk-git\hotspot\src\share\vm\prims\jni.cpp, line 710]

Events (10 events):
Event: 84.758 loading class com/android/tools/r8/dex/n done
Event: 84.885 Thread 0x000000001ba28000 Uncommon trap: trap_request=0xffffff65 fr.pc=0x000000000322770c
Event: 84.885 Thread 0x000000001ba28000 DEOPT PACKING pc=0x000000000322770c sp=0x000000002a52db60
Event: 84.885 Thread 0x000000001ba28000 DEOPT UNPACKING pc=0x0000000002be557b sp=0x000000002a52db00 mode 2
Event: 84.936 Executing VM operation: RevokeBias
Event: 84.939 Executing VM operation: RevokeBias done
Event: 84.940 Thread 0x000000001ba26800 Thread exited: 0x000000001ba26800
Event: 84.954 Thread 0x000000001ba28000 Uncommon trap: trap_request=0xffffff65 fr.pc=0x00000000040947b8
Event: 84.954 Thread 0x000000001ba28000 DEOPT PACKING pc=0x00000000040947b8 sp=0x000000002a52d980
Event: 84.954 Thread 0x000000001ba28000 DEOPT UNPACKING pc=0x0000000002be557b sp=0x000000002a52d8f8 mode 2


Dynamic libraries:
0x00007ff6914e0000 - 0x00007ff691511000 	C:\Program Files\Android\Android Studio1\jre\bin\java.exe
0x00007ffb717c0000 - 0x00007ffb719b0000 	C:\Windows\SYSTEM32\ntdll.dll
0x00007ffb71200000 - 0x00007ffb712b2000 	C:\Windows\System32\KERNEL32.DLL
0x00007ffb6f410000 - 0x00007ffb6f6b5000 	C:\Windows\System32\KERNELBASE.dll
0x00007ffb70950000 - 0x00007ffb709f3000 	C:\Windows\System32\ADVAPI32.dll
0x00007ffb70a00000 - 0x00007ffb70a9e000 	C:\Windows\System32\msvcrt.dll
0x00007ffb71440000 - 0x00007ffb714d7000 	C:\Windows\System32\sechost.dll
0x00007ffb70390000 - 0x00007ffb704b0000 	C:\Windows\System32\RPCRT4.dll
0x00007ffb6ff90000 - 0x00007ffb70124000 	C:\Windows\System32\USER32.dll
0x00007ffb6f6c0000 - 0x00007ffb6f6e1000 	C:\Windows\System32\win32u.dll
0x00007ffb704b0000 - 0x00007ffb704d6000 	C:\Windows\System32\GDI32.dll
0x00007ffb6f270000 - 0x00007ffb6f406000 	C:\Windows\System32\gdi32full.dll
0x00007ffb6ef70000 - 0x00007ffb6f00e000 	C:\Windows\System32\msvcp_win.dll
0x00007ffb6f6f0000 - 0x00007ffb6f7ea000 	C:\Windows\System32\ucrtbase.dll
0x00007ffb5bb20000 - 0x00007ffb5bda4000 	C:\Windows\WinSxS\amd64_microsoft.windows.common-controls_6595b64144ccf1df_6.0.18362.1139_none_9e7bf2d3e4605ac6\COMCTL32.dll
0x00007ffb6f870000 - 0x00007ffb6fba5000 	C:\Windows\System32\combase.dll
0x00007ffb6e750000 - 0x00007ffb6e7d0000 	C:\Windows\System32\bcryptPrimitives.dll
0x00007ffb71660000 - 0x00007ffb7168e000 	C:\Windows\System32\IMM32.DLL
0x0000000065550000 - 0x0000000065622000 	C:\Program Files\Android\Android Studio1\jre\jre\bin\msvcr100.dll
0x0000000065740000 - 0x0000000065f8b000 	C:\Program Files\Android\Android Studio1\jre\jre\bin\server\jvm.dll
0x00007ffb71320000 - 0x00007ffb71328000 	C:\Windows\System32\PSAPI.DLL
0x00007ffb662b0000 - 0x00007ffb662ba000 	C:\Windows\SYSTEM32\VERSION.dll
0x00007ffb6c4d0000 - 0x00007ffb6c4f4000 	C:\Windows\SYSTEM32\WINMM.dll
0x00007ffb6c000000 - 0x00007ffb6c02d000 	C:\Windows\SYSTEM32\winmmbase.dll
0x00007ffb6f820000 - 0x00007ffb6f86a000 	C:\Windows\System32\cfgmgr32.dll
0x00007ffb69900000 - 0x00007ffb69909000 	C:\Windows\SYSTEM32\WSOCK32.dll
0x00007ffb70aa0000 - 0x00007ffb70b0f000 	C:\Windows\System32\WS2_32.dll
0x00007ffb6c530000 - 0x00007ffb6c53f000 	C:\Program Files\Android\Android Studio1\jre\jre\bin\verify.dll
0x00007ffb62ea0000 - 0x00007ffb62ec9000 	C:\Program Files\Android\Android Studio1\jre\jre\bin\java.dll
0x00007ffb62dc0000 - 0x00007ffb62dd6000 	C:\Program Files\Android\Android Studio1\jre\jre\bin\zip.dll
0x00007ffb70b10000 - 0x00007ffb711f7000 	C:\Windows\System32\SHELL32.dll
0x00007ffb70130000 - 0x00007ffb701d9000 	C:\Windows\System32\shcore.dll
0x00007ffb6e7f0000 - 0x00007ffb6ef70000 	C:\Windows\System32\windows.storage.dll
0x00007ffb6e720000 - 0x00007ffb6e743000 	C:\Windows\System32\profapi.dll
0x00007ffb6e690000 - 0x00007ffb6e6da000 	C:\Windows\System32\powrprof.dll
0x00007ffb6e680000 - 0x00007ffb6e690000 	C:\Windows\System32\UMPDC.dll
0x00007ffb6fbb0000 - 0x00007ffb6fc02000 	C:\Windows\System32\shlwapi.dll
0x00007ffb6e700000 - 0x00007ffb6e711000 	C:\Windows\System32\kernel.appcore.dll
0x00007ffb6e7d0000 - 0x00007ffb6e7e7000 	C:\Windows\System32\cryptsp.dll
0x00007ffb62350000 - 0x00007ffb6236a000 	C:\Program Files\Android\Android Studio1\jre\jre\bin\net.dll
0x00007ffb6de20000 - 0x00007ffb6de87000 	C:\Windows\system32\mswsock.dll
0x00007ffb5f200000 - 0x00007ffb5f213000 	C:\Program Files\Android\Android Studio1\jre\jre\bin\nio.dll
0x00007ffb540b0000 - 0x00007ffb540d7000 	C:\Users\Samah\.gradle\native\f6784746aeab05261644944871eae4fe03e0ef1612fff0a4a95f87b438bc6780\windows-amd64\native-platform.dll
0x00007ffb6ad50000 - 0x00007ffb6ad5d000 	C:\Program Files\Android\Android Studio1\jre\jre\bin\management.dll
0x00007ffb6d9a0000 - 0x00007ffb6d9d3000 	C:\Windows\system32\rsaenh.dll
0x00007ffb6f7f0000 - 0x00007ffb6f816000 	C:\Windows\System32\bcrypt.dll
0x00007ffb6e5a0000 - 0x00007ffb6e5c5000 	C:\Windows\SYSTEM32\USERENV.dll
0x00007ffb6dfa0000 - 0x00007ffb6dfac000 	C:\Windows\SYSTEM32\CRYPTBASE.dll
0x00007ffb6db40000 - 0x00007ffb6db7a000 	C:\Windows\SYSTEM32\IPHLPAPI.DLL
0x00007ffb71770000 - 0x00007ffb71778000 	C:\Windows\System32\NSI.dll
0x00007ffb683e0000 - 0x00007ffb683f6000 	C:\Windows\SYSTEM32\dhcpcsvc6.DLL
0x00007ffb683c0000 - 0x00007ffb683dc000 	C:\Windows\SYSTEM32\dhcpcsvc.DLL
0x00007ffb6db80000 - 0x00007ffb6dc4b000 	C:\Windows\SYSTEM32\DNSAPI.dll
0x00007ffb68410000 - 0x00007ffb6841b000 	C:\Windows\SYSTEM32\WINNSI.DLL

VM Arguments:
jvm_args: -Xmx2048m -Dfile.encoding=UTF-8 -Duser.country=US -Duser.language=en -Duser.variant 
java_command: org.gradle.launcher.daemon.bootstrap.GradleDaemon 6.5
java_class_path (initial): C:\Users\Samah\.gradle\wrapper\dists\gradle-6.5-all\2oz4ud9k3tuxjg84bbf55q0tn\gradle-6.5\lib\gradle-launcher-6.5.jar
Launcher Type: SUN_STANDARD

Environment Variables:
PATH=C:\Program Files\Common Files\Oracle\Java\javapath;C:\Python38\Scripts\;C:\Python38\;C:\Windows\system32;C:\Windows;C:\Windows\System32\Wbem;C:\Windows\System32\WindowsPowerShell\v1.0\;C:\Windows\System32\OpenSSH\;C:\Program Files\Git\cmd;C:\Program Files (x86)\GtkSharp\2.12\bin;C:\Program Files\nodejs\;C:\ProgramData\chocolatey\bin;C:\Program Files\dotnet\;C:\Program Files\Java\jdk-13.0.1\bin;C:\Users\Samah\AppData\Roaming\npm;C:\Users\Samah\.dotnet\tools
USERNAME=Samah
OS=Windows_NT
PROCESSOR_IDENTIFIER=AMD64 Family 21 Model 16 Stepping 1, AuthenticAMD



---------------  S Y S T E M  ---------------

OS: Windows 10.0 , 64 bit Build 18362 (10.0.18362.1110)

CPU:total 4 (initial active 4) (4 cores per cpu, 1 threads per core) family 21 model 16 stepping 1, cmov, cx8, fxsr, mmx, sse, sse2, sse3, ssse3, sse4.1, sse4.2, popcnt, avx, aes, clmul, mmxext, 3dnowpref, lzcnt, sse4a, tsc, tscinvbit, tscinv, bmi1

Memory: 4k page, physical 7840116k(374992k free), swap 7840116k(4092k free)

vm_info: OpenJDK 64-Bit Server VM (25.242-b01) for windows-amd64 JRE (1.8.0_242-release-1644-b01), built by "builder" with MS VC++ 10.0 (VS2010)

time: Thu Jan 28 21:40:21 2021
timezone: Egypt Standard Time
elapsed time: 85 seconds (0d 0h 1m 25s)

